# JRE version: Java(TM) SE Runtime Environment (10.0.1+10) (build 10.0.1+10)
# Java VM: Java HotSpot(TM) 64-Bit Server VM (10.0.1+10, mixed mode, tiered, compressed oops, g1 gc, windows-amd64)
Heap:
 garbage-first heap   total 131072K, used 98210K [0x00000000c0000000, 0x0000000100000000)
  region size 1024K, 9 young (9216K), 3 survivors (3072K)
 Metaspace       used 72924K, capacity 75736K, committed 75900K, reserved 1118208K
  class space    used 6396K, capacity 7439K, committed 7548K, reserved 1048576K
GC Heap History (10 events):
Event: 5509.289 GC heap before
{Heap before GC invocations=134 (full 0):
 garbage-first heap   total 131072K, used 107844K [0x00000000c0000000, 0x0000000100000000)
  region size 1024K, 17 young (17408K), 1 survivors (1024K)
 Metaspace       used 72799K, capacity 75671K, committed 75900K, reserved 1118208K
  class space    used 6393K, capacity 7439K, committed 7548K, reserved 1048576K
}
Event: 5509.292 GC heap after
{Heap after GC invocations=135 (full 0):
 garbage-first heap   total 131072K, used 88998K [0x00000000c0000000, 0x0000000100000000)
  region size 1024K, 1 young (1024K), 1 survivors (1024K)
 Metaspace       used 72799K, capacity 75671K, committed 75900K, reserved 1118208K
  class space    used 6393K, capacity 7439K, committed 7548K, reserved 1048576K
}
Event: 5511.206 GC heap before
{Heap before GC invocations=135 (full 0):
 garbage-first heap   total 131072K, used 94118K [0x00000000c0000000, 0x0000000100000000)
  region size 1024K, 6 young (6144K), 1 survivors (1024K)
 Metaspace       used 72808K, capacity 75671K, committed 75900K, reserved 1118208K
  class space    used 6393K, capacity 7439K, committed 7548K, reserved 1048576K
}
Event: 5511.210 GC heap after
{Heap after GC invocations=136 (full 0):
 garbage-first heap   total 131072K, used 85249K [0x00000000c0000000, 0x0000000100000000)
  region size 1024K, 1 young (1024K), 1 survivors (1024K)
 Metaspace       used 72808K, capacity 75671K, committed 75900K, reserved 1118208K
  class space    used 6393K, capacity 7439K, committed 7548K, reserved 1048576K
}
Event: 5511.792 GC heap before
{Heap before GC invocations=136 (full 0):
 garbage-first heap   total 131072K, used 97537K [0x00000000c0000000, 0x0000000100000000)
  region size 1024K, 14 young (14336K), 1 survivors (1024K)
 Metaspace       used 72832K, capacity 75671K, committed 75900K, reserved 1118208K
  class space    used 6393K, capacity 7439K, committed 7548K, reserved 1048576K
}
Event: 5511.798 GC heap after
{Heap after GC invocations=137 (full 0):
 garbage-first heap   total 131072K, used 88693K [0x00000000c0000000, 0x0000000100000000)
  region size 1024K, 3 young (3072K), 3 survivors (3072K)
 Metaspace       used 72832K, capacity 75671K, committed 75900K, reserved 1118208K
  class space    used 6393K, capacity 7439K, committed 7548K, reserved 1048576K
}
Event: 6589.643 GC heap before
{Heap before GC invocations=138 (full 0):
 garbage-first heap   total 131072K, used 112245K [0x00000000c0000000, 0x0000000100000000)
  region size 1024K, 23 young (23552K), 3 survivors (3072K)
 Metaspace       used 72909K, capacity 75736K, committed 75900K, reserved 1118208K
  class space    used 6393K, capacity 7439K, committed 7548K, reserved 1048576K
}
Event: 6589.669 GC heap after
{Heap after GC invocations=139 (full 0):
 garbage-first heap   total 131072K, used 92109K [0x00000000c0000000, 0x0000000100000000)
  region size 1024K, 3 young (3072K), 3 survivors (3072K)
 Metaspace       used 72909K, capacity 75736K, committed 75900K, reserved 1118208K
  class space    used 6393K, capacity 7439K, committed 7548K, reserved 1048576K
}
Event: 6665.161 GC heap before
{Heap before GC invocations=139 (full 0):
 garbage-first heap   total 131072K, used 108493K [0x00000000c0000000, 0x0000000100000000)
  region size 1024K, 19 young (19456K), 3 survivors (3072K)
 Metaspace       used 72909K, capacity 75736K, committed 75900K, reserved 1118208K
  class space    used 6393K, capacity 7439K, committed 7548K, reserved 1048576K
}
Event: 6665.189 GC heap after
{Heap after GC invocations=140 (full 0):
 garbage-first heap   total 131072K, used 93090K [0x00000000c0000000, 0x0000000100000000)
  region size 1024K, 3 young (3072K), 3 survivors (3072K)
 Metaspace       used 72909K, capacity 75736K, committed 75900K, reserved 1118208K
  class space    used 6393K, capacity 7439K, committed 7548K, reserved 1048576K
}

