# JRE version: Java(TM) SE Runtime Environment (10.0.1+10) (build 10.0.1+10)
# Java VM: Java HotSpot(TM) 64-Bit Server VM (10.0.1+10, mixed mode, tiered, compressed oops, g1 gc, windows-amd64)
Heap:
 garbage-first heap   total 262144K, used 215454K [0x00000000c0000000, 0x0000000100000000)
  region size 1024K, 118 young (120832K), 5 survivors (5120K)
 Metaspace       used 74527K, capacity 77536K, committed 77908K, reserved 1120256K
  class space    used 6464K, capacity 7503K, committed 7552K, reserved 1048576K
GC Heap History (10 events):
Event: 59800.055 GC heap before
{Heap before GC invocations=37 (full 0):
 garbage-first heap   total 262144K, used 220624K [0x00000000c0000000, 0x0000000100000000)
  region size 1024K, 126 young (129024K), 6 survivors (6144K)
 Metaspace       used 73883K, capacity 76691K, committed 76884K, reserved 1118208K
  class space    used 6442K, capacity 7463K, committed 7552K, reserved 1048576K
}
Event: 59800.060 GC heap after
{Heap after GC invocations=38 (full 0):
 garbage-first heap   total 262144K, used 99224K [0x00000000c0000000, 0x0000000100000000)
  region size 1024K, 7 young (7168K), 7 survivors (7168K)
 Metaspace       used 73883K, capacity 76691K, committed 76884K, reserved 1118208K
  class space    used 6442K, capacity 7463K, committed 7552K, reserved 1048576K
}
Event: 59964.064 GC heap before
{Heap before GC invocations=38 (full 0):
 garbage-first heap   total 262144K, used 222104K [0x00000000c0000000, 0x0000000100000000)
  region size 1024K, 127 young (130048K), 7 survivors (7168K)
 Metaspace       used 73952K, capacity 76825K, committed 77140K, reserved 1118208K
  class space    used 6443K, capacity 7464K, committed 7552K, reserved 1048576K
}
Event: 59964.069 GC heap after
{Heap after GC invocations=39 (full 0):
 garbage-first heap   total 262144K, used 98168K [0x00000000c0000000, 0x0000000100000000)
  region size 1024K, 6 young (6144K), 6 survivors (6144K)
 Metaspace       used 73952K, capacity 76825K, committed 77140K, reserved 1118208K
  class space    used 6443K, capacity 7464K, committed 7552K, reserved 1048576K
}
Event: 59976.344 GC heap before
{Heap before GC invocations=39 (full 0):
 garbage-first heap   total 262144K, used 239480K [0x00000000c0000000, 0x0000000100000000)
  region size 1024K, 128 young (131072K), 6 survivors (6144K)
 Metaspace       used 74162K, capacity 77118K, committed 77396K, reserved 1120256K
  class space    used 6449K, capacity 7496K, committed 7552K, reserved 1048576K
}
Event: 59976.351 GC heap after
{Heap after GC invocations=40 (full 0):
 garbage-first heap   total 262144K, used 99494K [0x00000000c0000000, 0x0000000100000000)
  region size 1024K, 7 young (7168K), 7 survivors (7168K)
 Metaspace       used 74162K, capacity 77118K, committed 77396K, reserved 1120256K
  class space    used 6449K, capacity 7496K, committed 7552K, reserved 1048576K
}
Event: 60033.006 GC heap before
{Heap before GC invocations=40 (full 0):
 garbage-first heap   total 262144K, used 226470K [0x00000000c0000000, 0x0000000100000000)
  region size 1024K, 128 young (131072K), 7 survivors (7168K)
 Metaspace       used 74335K, capacity 77262K, committed 77652K, reserved 1120256K
  class space    used 6459K, capacity 7500K, committed 7552K, reserved 1048576K
}
Event: 60033.013 GC heap after
{Heap after GC invocations=41 (full 0):
 garbage-first heap   total 262144K, used 104319K [0x00000000c0000000, 0x0000000100000000)
  region size 1024K, 12 young (12288K), 12 survivors (12288K)
 Metaspace       used 74335K, capacity 77262K, committed 77652K, reserved 1120256K
  class space    used 6459K, capacity 7500K, committed 7552K, reserved 1048576K
}
Event: 66007.737 GC heap before
{Heap before GC invocations=41 (full 0):
 garbage-first heap   total 262144K, used 224127K [0x00000000c0000000, 0x0000000100000000)
  region size 1024K, 126 young (129024K), 12 survivors (12288K)
 Metaspace       used 74435K, capacity 77390K, committed 77652K, reserved 1120256K
  class space    used 6462K, capacity 7500K, committed 7552K, reserved 1048576K
}
Event: 66007.743 GC heap after
{Heap after GC invocations=42 (full 0):
 garbage-first heap   total 262144K, used 100766K [0x00000000c0000000, 0x0000000100000000)
  region size 1024K, 5 young (5120K), 5 survivors (5120K)
 Metaspace       used 74435K, capacity 77390K, committed 77652K, reserved 1120256K
  class space    used 6462K, capacity 7500K, committed 7552K, reserved 1048576K
}

